2025-01-03 16:13:32.660 - DBeaver 24.3.0.202412011650 is starting
2025-01-03 16:13:32.661 - OS: Windows 10 10.0 (amd64)
2025-01-03 16:13:32.661 - Java version: 17.0.6 by Eclipse Adoptium (64bit)
2025-01-03 16:13:32.661 - Install path: 'D:\web_0900_sds\dbms_resource\resource\dbeaver-ce-24.3.0-win32.win32.x86_64\dbeaver'
2025-01-03 16:13:32.662 - Instance path: 'file:/D:/web_0900_sds/dbms_3/workspace/'
2025-01-03 16:13:32.663 - Memory available 64Mb/1024Mb
2025-01-03 16:13:32.663 - Platform not initialized: metadata folder may be not set
2025-01-03 16:13:32.672 - Create display
> Start Eclipse IDE UI [org.eclipse.ui.ide 3.22.300.v20240828-1234]
2025-01-03 16:13:32.753 - Initialize desktop platform...
2025-01-03 16:13:32.829 - BounceCastle bundle found. Use JCE provider BC
> Start Core File Systems [org.eclipse.core.filesystem 1.11.0.v20240824-0952]
> Start Core Resource Management [org.eclipse.core.resources 3.21.0.v20240805-1607]
> Start DBeaver UI Navigator [org.jkiss.dbeaver.ui.navigator 1.0.144.202412011650]
> Start Team Support Core [org.eclipse.team.core 3.10.500.v20240621-0541]
2025-01-03 16:13:32.960 - Initialize base platform...
> Start DBeaver UI Editors - Base [org.jkiss.dbeaver.ui.editors.base 1.0.144.202412011650]
2025-01-03 16:13:32.977 - Platform initialized (224ms)
2025-01-03 16:13:33.000 - Starting instance server at http://localhost:59302
2025-01-03 16:13:33.000 - Run workbench
> Start Eclipse e4 Workbench SWT [org.eclipse.e4.ui.workbench.swt 0.17.500.v20240807-0911]
> Start Eclipse Application Services [org.eclipse.e4.core.services 2.4.400.v20240413-1529]
> Start Eclipse UI Application Services [org.eclipse.e4.ui.services 1.6.300.v20231201-1637]
> Start Eclipse e4 Progress View [org.eclipse.e4.ui.progress 0.4.600.v20240606-1020]
> Start Eclipse Bindings Support [org.eclipse.e4.ui.bindings 0.14.400.v20240321-1245]
> Start Eclipse e4 core commands [org.eclipse.e4.core.commands 1.1.400.v20240424-0444]
> Start EMF XML/XMI Persistence [org.eclipse.emf.ecore.xmi 2.38.0.v20240721-0634]
> Start Eclipse CSS SWT Theme Support [org.eclipse.e4.ui.css.swt.theme 0.14.400.v20240424-0956]
> Start Eclipse e4 Workbench Add-ons [org.eclipse.e4.ui.workbench.addons.swt 1.5.500.v20240620-1945]
> Start Eclipse e4 Workbench SWT Renderer [org.eclipse.e4.ui.workbench.renderers.swt 0.16.500.v20240727-1037]
> Start Eclipse Dependency Injection Extensions [org.eclipse.e4.core.di.extensions 0.18.300.v20240413-1529]
> Start Eclipse CSS SWT Support [org.eclipse.e4.ui.css.swt 0.15.400.v20240321-1245]
> Start Default Text Editor [org.eclipse.ui.editors 3.18.0.v20240807-0735]
> Start Text Editor Framework [org.eclipse.ui.workbench.texteditor 3.18.0.v20240819-1419]
2025-01-03 16:13:33.921 - Configure workbench window
> Start DBeaver SQL Model [org.jkiss.dbeaver.model.sql 1.0.134.202412011650]
2025-01-03 16:13:33.989 - Script dialect 'gbase8s' not found in registry (for data source provider gbase8s). Use default.
2025-01-03 16:13:34.018 - Total database drivers: 121 (121)
> Start Help System Core [org.eclipse.help 3.10.400.v20240415-0528]
2025-01-03 16:13:34.063 - Create actions
2025-01-03 16:13:34.066 - Disable Eclipse action set 'org.eclipse.ui.edit.text.actionSet.annotationNavigation'
2025-01-03 16:13:34.067 - Disable Eclipse action set 'org.eclipse.ui.WorkingSetActionSet'
2025-01-03 16:13:34.067 - Disable Eclipse action set 'org.eclipse.ui.actionSet.openFiles'
2025-01-03 16:13:34.067 - Create workbench actions
2025-01-03 16:13:34.286 - Initialize workbench window
2025-01-03 16:13:34.290 - Finish initialization
> Start DBeaver UI Editors - Data [org.jkiss.dbeaver.ui.editors.data 1.0.144.202412011650]
Warning: NLS unused message: actions_navigator__objects in: org.jkiss.dbeaver.ui.editors.sql.internal.SQLEditorMessages
> Start DBeaver UI Editors - SQL [org.jkiss.dbeaver.ui.editors.sql 1.0.144.202412011650]
> Start DBeaver SQL Terminal [org.jkiss.dbeaver.ui.editors.sql.terminal 1.0.120.202412011650]
> Start Core Compare Support [org.eclipse.compare.core 3.8.500.v20240524-2010]
> Start Internet Connection Management UI [org.eclipse.ui.net 1.5.400.v20240413-1529]
> Start Internet Connection Management [org.eclipse.core.net 1.5.500.v20240625-1706]
> Start DBeaver Sample Database [org.jkiss.dbeaver.ext.sample.database 1.0.181.202412011650]
> Start DBeaver Tip of the day [org.jkiss.dbeaver.ext.ui.tipoftheday 1.0.150.202412011650]
> Start GEF Classic Draw2d [org.eclipse.draw2d 3.17.0.202409021815]
> Start GEF Classic GEF (MVC) [org.eclipse.gef 3.19.0.202409021815]
> Start DBeaver ERD UI [org.jkiss.dbeaver.erd.ui 3.0.104.202412011650]
> Start DBeaver ERD Model [org.jkiss.dbeaver.erd.model 1.0.104.202412011650]
> Start DBeaver Dashboard UI [org.jkiss.dbeaver.ui.dashboard 1.0.141.202412011650]
> Start DBeaver UI Editors - Connections [org.jkiss.dbeaver.ui.editors.connection 1.0.135.202412011650]
> Start DBeaver JDBC Model [org.jkiss.dbeaver.model.jdbc 1.0.37.202412011650]
> Start DBeaver Oracle Model [org.jkiss.dbeaver.ext.oracle 2.1.229.202412011650]
> Start Console [org.eclipse.ui.console 3.14.100.v20240429-1358]
> Start Debug Core [org.eclipse.debug.core 3.21.500.v20240801-2219]
> Start DBeaver Tasks - Native Tools UI [org.jkiss.dbeaver.tasks.native.ui 1.0.122.202412011650]
> Start DBeaver Oracle UI [org.jkiss.dbeaver.ext.oracle.ui 1.0.131.202412011650]
> Start DBeaver Tasks - General UI [org.jkiss.dbeaver.tasks.ui 1.0.122.202412011650]
2025-01-03 16:13:36.902 - Connect with 'localhost 2' (oracle_thin-193f0f9bc04-6ff64cb81fa4e4bf)
2025-01-03 16:13:36.947 - Execution context opened (localhost 2; Main; 0)
2025-01-03 16:13:37.276 - Execution context opened (localhost 2; Metadata; 1)
> Start DBeaver SQL Language Semantic Model [org.jkiss.dbeaver.model.lsm 1.0.39.202412011650]
2025-01-03 16:13:37.356 - Connected (oracle_thin-193f0f9bc04-6ff64cb81fa4e4bf, Oracle JDBC driver [11.2.0.2.0])
2025-01-03 16:13:37.357 - Execution context opened (localhost 2; SQLEditor <Script.sql>; 2)
2025-01-03 16:13:38.331 - Open [https://dbeaver.io/product/version.xml]
2025-01-03 16:16:19.111 - Can't get column 'EXTERNAL_NAME': 부적합한 열 이름
2025-01-03 16:16:19.111 - Can't get column 'ACCOUNT_STATUS': 부적합한 열 이름
2025-01-03 16:16:19.111 - Can't get column 'LOCK_DATE': 부적합한 열 이름
2025-01-03 16:16:19.111 - Can't get column 'EXPIRY_DATE': 부적합한 열 이름
2025-01-03 16:16:19.112 - Can't get column 'DEFAULT_TABLESPACE': 부적합한 열 이름
2025-01-03 16:16:19.112 - Can't get column 'TEMPORARY_TABLESPACE': 부적합한 열 이름
2025-01-03 16:16:19.112 - Can't get column 'PROFILE': 부적합한 열 이름
2025-01-03 16:16:19.112 - Can't get column 'INITIAL_RSRC_CONSUMER_GROUP': 부적합한 열 이름
2025-01-03 16:16:21.620 - Execution context closed (localhost 2, 2)
2025-01-03 16:17:13.820 - Auth model 'native' was replaced by 'oracle_native'
2025-01-03 16:17:13.834 - Service 'org.jkiss.dbeaver.runtime.ui.UIServiceSecurity' not found
2025-01-03 16:17:29.788 - Connect with 'jdbc:oracle:thin:@//localhost:1521/xe' (oracle_thin-1942b06be28-7af99e587055c4cf)
2025-01-03 16:17:29.788 - Execution context opened (jdbc:oracle:thin:@//localhost:1521/xe; Main; 3)
2025-01-03 16:17:29.811 - Connected (oracle_thin-1942b06be28-7af99e587055c4cf, Oracle JDBC driver [11.2.0.2.0])
2025-01-03 16:17:29.824 - Execution context closed (jdbc:oracle:thin:@//localhost:1521/xe, 3)
2025-01-03 16:17:29.825 - Disconnected (oracle_thin-1942b06be28-7af99e587055c4cf)
2025-01-03 16:17:39.034 - Connect with 'localhost' (oracle_thin-1942b067f64-68861dc9d1a10aed)
2025-01-03 16:17:39.035 - Execution context opened (localhost; Main; 4)
2025-01-03 16:17:39.044 - Execution context opened (localhost; Metadata; 5)
2025-01-03 16:17:39.061 - Connected (oracle_thin-1942b067f64-68861dc9d1a10aed, Oracle JDBC driver [11.2.0.2.0])
2025-01-03 16:17:46.252 - 	Invalidate context 'Main' for oracle_thin-1942b067f64-68861dc9d1a10aed (BEFORE_INVALIDATE)
2025-01-03 16:17:46.263 - Execution context closed (localhost, 4)
2025-01-03 16:17:46.263 - 	Invalidate context 'Metadata' for oracle_thin-1942b067f64-68861dc9d1a10aed (BEFORE_INVALIDATE)
2025-01-03 16:17:46.275 - Execution context closed (localhost, 5)
2025-01-03 16:17:46.275 - 	Invalidate context 'Main' for oracle_thin-1942b067f64-68861dc9d1a10aed (INVALIDATE)
2025-01-03 16:17:46.284 - 	Invalidate context 'Metadata' for oracle_thin-1942b067f64-68861dc9d1a10aed (INVALIDATE)
2025-01-03 16:17:46.296 - 	Invalidate context 'Main' for oracle_thin-1942b067f64-68861dc9d1a10aed (AFTER_INVALIDATE)
2025-01-03 16:17:46.297 - 	Invalidate context 'Metadata' for oracle_thin-1942b067f64-68861dc9d1a10aed (AFTER_INVALIDATE)
2025-01-03 16:17:46.301 - Connections reopened: 2 (of 2)
> Start Search Support [org.eclipse.search 3.16.300.v20240620-1945]
2025-01-03 16:17:54.947 - Execution context opened (localhost; SQLEditor <Script.sql>; 6)
2025-01-03 16:45:42.329 - SQL Error [901] [42000]: ORA-00901: invalid CREATE command

org.jkiss.dbeaver.model.sql.DBSQLException: SQL Error [901] [42000]: ORA-00901: invalid CREATE command

	at org.jkiss.dbeaver.model.impl.jdbc.exec.JDBCStatementImpl.executeStatement(JDBCStatementImpl.java:130)
	at org.jkiss.dbeaver.ui.editors.sql.execute.SQLQueryJob.executeStatement(SQLQueryJob.java:631)
	at org.jkiss.dbeaver.ui.editors.sql.execute.SQLQueryJob.lambda$2(SQLQueryJob.java:522)
	at org.jkiss.dbeaver.model.exec.DBExecUtils.tryExecuteRecover(DBExecUtils.java:192)
	at org.jkiss.dbeaver.ui.editors.sql.execute.SQLQueryJob.executeSingleQuery(SQLQueryJob.java:541)
	at org.jkiss.dbeaver.ui.editors.sql.execute.SQLQueryJob.extractData(SQLQueryJob.java:1016)
	at org.jkiss.dbeaver.ui.editors.sql.SQLEditor$QueryResultsContainer.readData(SQLEditor.java:4273)
	at org.jkiss.dbeaver.ui.controls.resultset.ResultSetJobDataRead.lambda$0(ResultSetJobDataRead.java:128)
	at org.jkiss.dbeaver.model.exec.DBExecUtils.tryExecuteRecover(DBExecUtils.java:192)
	at org.jkiss.dbeaver.ui.controls.resultset.ResultSetJobDataRead.run(ResultSetJobDataRead.java:126)
	at org.jkiss.dbeaver.ui.controls.resultset.ResultSetViewer$ResultSetDataPumpJob.run(ResultSetViewer.java:5166)
	at org.jkiss.dbeaver.model.runtime.AbstractJob.run(AbstractJob.java:119)
	at org.eclipse.core.internal.jobs.Worker.run(Worker.java:63)
Caused by: java.sql.SQLSyntaxErrorException: ORA-00901: invalid CREATE command

	at oracle.jdbc.driver.T4CTTIoer.processError(T4CTTIoer.java:440)
	at oracle.jdbc.driver.T4CTTIoer.processError(T4CTTIoer.java:396)
	at oracle.jdbc.driver.T4C8Oall.processError(T4C8Oall.java:837)
	at oracle.jdbc.driver.T4CTTIfun.receive(T4CTTIfun.java:445)
	at oracle.jdbc.driver.T4CTTIfun.doRPC(T4CTTIfun.java:191)
	at oracle.jdbc.driver.T4C8Oall.doOALL(T4C8Oall.java:523)
	at oracle.jdbc.driver.T4CStatement.doOall8(T4CStatement.java:193)
	at oracle.jdbc.driver.T4CStatement.executeForRows(T4CStatement.java:999)
	at oracle.jdbc.driver.OracleStatement.doExecuteWithTimeout(OracleStatement.java:1315)
	at oracle.jdbc.driver.OracleStatement.executeInternal(OracleStatement.java:1890)
	at oracle.jdbc.driver.OracleStatement.execute(OracleStatement.java:1855)
	at oracle.jdbc.driver.OracleStatementWrapper.execute(OracleStatementWrapper.java:304)
	at org.jkiss.dbeaver.model.impl.jdbc.exec.JDBCStatementImpl.execute(JDBCStatementImpl.java:344)
	at org.jkiss.dbeaver.model.impl.jdbc.exec.JDBCStatementImpl.executeStatement(JDBCStatementImpl.java:128)
	... 12 more
2025-01-03 16:45:42.399 - Error binding callable statement parameters from metadata: 지원되지 않는 기능입니다
2025-01-03 16:45:42.399 - Error obtaining output parameters from metadata: 지원되지 않는 기능입니다
2025-01-03 16:45:42.399 - Can't obtain procedure metadata nor jdbc metadata
2025-01-03 16:46:15.586 - SQL Error [1031] [42000]: ORA-01031: insufficient privileges

org.jkiss.dbeaver.model.sql.DBSQLException: SQL Error [1031] [42000]: ORA-01031: insufficient privileges

	at org.jkiss.dbeaver.model.impl.jdbc.exec.JDBCStatementImpl.executeStatement(JDBCStatementImpl.java:130)
	at org.jkiss.dbeaver.ui.editors.sql.execute.SQLQueryJob.executeStatement(SQLQueryJob.java:631)
	at org.jkiss.dbeaver.ui.editors.sql.execute.SQLQueryJob.lambda$2(SQLQueryJob.java:522)
	at org.jkiss.dbeaver.model.exec.DBExecUtils.tryExecuteRecover(DBExecUtils.java:192)
	at org.jkiss.dbeaver.ui.editors.sql.execute.SQLQueryJob.executeSingleQuery(SQLQueryJob.java:541)
	at org.jkiss.dbeaver.ui.editors.sql.execute.SQLQueryJob.extractData(SQLQueryJob.java:1016)
	at org.jkiss.dbeaver.ui.editors.sql.SQLEditor$QueryResultsContainer.readData(SQLEditor.java:4273)
	at org.jkiss.dbeaver.ui.controls.resultset.ResultSetJobDataRead.lambda$0(ResultSetJobDataRead.java:128)
	at org.jkiss.dbeaver.model.exec.DBExecUtils.tryExecuteRecover(DBExecUtils.java:192)
	at org.jkiss.dbeaver.ui.controls.resultset.ResultSetJobDataRead.run(ResultSetJobDataRead.java:126)
	at org.jkiss.dbeaver.ui.controls.resultset.ResultSetViewer$ResultSetDataPumpJob.run(ResultSetViewer.java:5166)
	at org.jkiss.dbeaver.model.runtime.AbstractJob.run(AbstractJob.java:119)
	at org.eclipse.core.internal.jobs.Worker.run(Worker.java:63)
Caused by: java.sql.SQLSyntaxErrorException: ORA-01031: insufficient privileges

	at oracle.jdbc.driver.T4CTTIoer.processError(T4CTTIoer.java:440)
	at oracle.jdbc.driver.T4CTTIoer.processError(T4CTTIoer.java:396)
	at oracle.jdbc.driver.T4C8Oall.processError(T4C8Oall.java:837)
	at oracle.jdbc.driver.T4CTTIfun.receive(T4CTTIfun.java:445)
	at oracle.jdbc.driver.T4CTTIfun.doRPC(T4CTTIfun.java:191)
	at oracle.jdbc.driver.T4C8Oall.doOALL(T4C8Oall.java:523)
	at oracle.jdbc.driver.T4CStatement.doOall8(T4CStatement.java:193)
	at oracle.jdbc.driver.T4CStatement.executeForRows(T4CStatement.java:999)
	at oracle.jdbc.driver.OracleStatement.doExecuteWithTimeout(OracleStatement.java:1315)
	at oracle.jdbc.driver.OracleStatement.executeInternal(OracleStatement.java:1890)
	at oracle.jdbc.driver.OracleStatement.execute(OracleStatement.java:1855)
	at oracle.jdbc.driver.OracleStatementWrapper.execute(OracleStatementWrapper.java:304)
	at org.jkiss.dbeaver.model.impl.jdbc.exec.JDBCStatementImpl.execute(JDBCStatementImpl.java:344)
	at org.jkiss.dbeaver.model.impl.jdbc.exec.JDBCStatementImpl.executeStatement(JDBCStatementImpl.java:128)
	... 12 more
2025-01-03 16:46:15.641 - Error binding callable statement parameters from metadata: 지원되지 않는 기능입니다
2025-01-03 16:46:15.641 - Error obtaining output parameters from metadata: 지원되지 않는 기능입니다
2025-01-03 16:46:15.641 - Can't obtain procedure metadata nor jdbc metadata
> Start DBeaver Data Transfer [org.jkiss.dbeaver.data.transfer 2.0.128.202412011650]
2025-01-03 16:51:19.436 - Error while analyzing query text: CREATE TABLE tbl_user(
	user_number NUMBER,
	user_id varchar2(100),
	user_pw varchar2(100),
	user_name varchar2(10),
	user_age NUMBER,
	user_gender char(1) DEFAULT 'M',
	user_birth DATE,
	CONSTRAINT pk_user PRIMARY KEY()
)
java.lang.NullPointerException: Cannot invoke "org.jkiss.dbeaver.model.sql.semantics.SQLQuerySymbolEntry.isNotClassified()" because "columnRef" is null
	at org.jkiss.dbeaver.model.sql.semantics.model.ddl.SQLQueryTableConstraintSpec.propagateContext(SQLQueryTableConstraintSpec.java:98)
	at org.jkiss.dbeaver.model.sql.semantics.model.ddl.SQLQueryTableCreateModel.applyContext(SQLQueryTableCreateModel.java:121)
	at org.jkiss.dbeaver.model.sql.semantics.model.SQLQueryModel.propagateContext(SQLQueryModel.java:80)
	at org.jkiss.dbeaver.model.sql.semantics.SQLQueryModelRecognizer.recognizeQuery(SQLQueryModelRecognizer.java:156)
	at org.jkiss.dbeaver.model.sql.semantics.SQLQueryModelRecognizer.recognizeQuery(SQLQueryModelRecognizer.java:934)
	at org.jkiss.dbeaver.ui.editors.sql.semantics.SQLBackgroundParsingJob.doWork(SQLBackgroundParsingJob.java:660)
	at org.jkiss.dbeaver.ui.editors.sql.semantics.SQLBackgroundParsingJob$1.run(SQLBackgroundParsingJob.java:96)
	at org.jkiss.dbeaver.model.runtime.AbstractJob.run(AbstractJob.java:119)
	at org.eclipse.core.internal.jobs.Worker.run(Worker.java:63)
2025-01-03 18:11:40.581 - Execution context closed (localhost, 4)
2025-01-03 18:11:40.592 - Execution context closed (localhost, 5)
2025-01-03 18:11:40.602 - Execution context closed (localhost, 6)
2025-01-03 18:11:40.602 - Disconnected (oracle_thin-1942b067f64-68861dc9d1a10aed)
2025-01-03 18:11:44.480 - Dispose navigator model
2025-01-03 18:11:44.493 - DBeaver is stopping
2025-01-03 18:11:44.493 - Stop instance server
2025-01-03 18:11:45.506 - DBeaver shutdown completed
